<?xml version="1.0" encoding="UTF-8"?>
<!-- Generated by org.testng.reporters.JUnitXMLReporter -->
<testsuite ignored="0" hostname="MC-VD-SNAG-02" failures="0" tests="5" name="Test_edge" time="68.183" errors="0" timestamp="2024-12-16T17:38:55 IST">
  <testcase classname="PageTests.TC001LoginData" name="runLogin" time="6.734"/>
  <testcase classname="PageTests.TC001LoginData" name="runLogin" time="5.201"/>
  <testcase classname="PageTests.TC001LoginData" name="runLogin" time="5.024"/>
  <testcase classname="PageTests.TC001LoginData" name="runLogin" time="2.201"/>
  <testcase classname="PageTests.TC001LoginData" name="runLogin" time="9.033"/>
</testsuite> <!-- Test_edge -->
