<?xml version="1.0" encoding="UTF-8"?>
<!-- Generated by org.testng.reporters.JUnitXMLReporter -->
<testsuite ignored="0" hostname="MC-VD-SNAG-02" failures="0" tests="5" name="Test_Chrome" time="73.675" errors="0" timestamp="2024-12-16T17:38:58 IST">
  <testcase classname="PageTests.TC001LoginData" name="runLogin" time="6.697"/>
  <testcase classname="PageTests.TC001LoginData" name="runLogin" time="5.924"/>
  <testcase classname="PageTests.TC001LoginData" name="runLogin" time="4.805"/>
  <testcase classname="PageTests.TC001LoginData" name="runLogin" time="3.247"/>
  <testcase classname="PageTests.TC001LoginData" name="runLogin" time="12.97"/>
</testsuite> <!-- Test_Chrome -->
