<?xml version="1.0" encoding="UTF-8"?>
<testng-results ignored="0" total="10" passed="10" failed="0" skipped="0">
  <reporter-output>
  </reporter-output>
  <suite started-at="2024-12-16T17:37:44 IST" name="Suite" finished-at="2024-12-16T17:38:57 IST" duration-ms="73675">
    <groups>
    </groups>
    <test started-at="2024-12-16T17:37:44 IST" name="Test_edge" finished-at="2024-12-16T17:38:52 IST" duration-ms="68183">
      <class name="PageTests.TC001LoginData">
        <test-method is-config="true" signature="LoginSetUp(java.lang.String,java.lang.String)[pri:0, instance:PageTests.TC001LoginData@7ce026d3]" started-at="2024-12-16T17:37:45 IST" name="LoginSetUp" finished-at="2024-12-16T17:38:19 IST" duration-ms="34424" status="PASS">
          <params>
            <param index="0">
              <value>
                <![CDATA[windows]]>
              </value>
            </param>
            <param index="1">
              <value>
                <![CDATA[edge]]>
              </value>
            </param>
          </params>
          <reporter-output>
          </reporter-output>
        </test-method> <!-- LoginSetUp -->
        <test-method signature="runLogin(java.lang.String,java.lang.String,java.lang.String)[pri:0, instance:PageTests.TC001LoginData@7ce026d3]" started-at="2024-12-16T17:38:24 IST" name="runLogin" data-provider="Login" finished-at="2024-12-16T17:38:30 IST" duration-ms="6734" status="PASS">
          <params>
            <param index="0">
              <value>
                <![CDATA[abc123@gmail.com]]>
              </value>
            </param>
            <param index="1">
              <value>
                <![CDATA[test@123]]>
              </value>
            </param>
            <param index="2">
              <value>
                <![CDATA[Valid]]>
              </value>
            </param>
          </params>
          <reporter-output>
          </reporter-output>
        </test-method> <!-- runLogin -->
        <test-method signature="runLogin(java.lang.String,java.lang.String,java.lang.String)[pri:0, instance:PageTests.TC001LoginData@7ce026d3]" started-at="2024-12-16T17:38:30 IST" name="runLogin" data-provider="Login" finished-at="2024-12-16T17:38:36 IST" duration-ms="5201" status="PASS">
          <params>
            <param index="0">
              <value>
                <![CDATA[lakshmi@yahoo.com]]>
              </value>
            </param>
            <param index="1">
              <value>
                <![CDATA[Laxmi]]>
              </value>
            </param>
            <param index="2">
              <value>
                <![CDATA[Valid]]>
              </value>
            </param>
          </params>
          <reporter-output>
          </reporter-output>
        </test-method> <!-- runLogin -->
        <test-method signature="runLogin(java.lang.String,java.lang.String,java.lang.String)[pri:0, instance:PageTests.TC001LoginData@7ce026d3]" started-at="2024-12-16T17:38:36 IST" name="runLogin" data-provider="Login" finished-at="2024-12-16T17:38:41 IST" duration-ms="5024" status="PASS">
          <params>
            <param index="0">
              <value>
                <![CDATA[laksh@yahoo.com]]>
              </value>
            </param>
            <param index="1">
              <value>
                <![CDATA[Lakshmi]]>
              </value>
            </param>
            <param index="2">
              <value>
                <![CDATA[Valid]]>
              </value>
            </param>
          </params>
          <reporter-output>
          </reporter-output>
        </test-method> <!-- runLogin -->
        <test-method signature="runLogin(java.lang.String,java.lang.String,java.lang.String)[pri:0, instance:PageTests.TC001LoginData@7ce026d3]" started-at="2024-12-16T17:38:41 IST" name="runLogin" data-provider="Login" finished-at="2024-12-16T17:38:43 IST" duration-ms="2201" status="PASS">
          <params>
            <param index="0">
              <value>
                <![CDATA[laks@yahoo.com]]>
              </value>
            </param>
            <param index="1">
              <value>
                <![CDATA[xyz]]>
              </value>
            </param>
            <param index="2">
              <value>
                <![CDATA[Invalid]]>
              </value>
            </param>
          </params>
          <reporter-output>
          </reporter-output>
        </test-method> <!-- runLogin -->
        <test-method signature="runLogin(java.lang.String,java.lang.String,java.lang.String)[pri:0, instance:PageTests.TC001LoginData@7ce026d3]" started-at="2024-12-16T17:38:43 IST" name="runLogin" data-provider="Login" finished-at="2024-12-16T17:38:52 IST" duration-ms="9033" status="PASS">
          <params>
            <param index="0">
              <value>
                <![CDATA[abc123@gmail.com]]>
              </value>
            </param>
            <param index="1">
              <value>
                <![CDATA[test@123]]>
              </value>
            </param>
            <param index="2">
              <value>
                <![CDATA[Valid]]>
              </value>
            </param>
          </params>
          <reporter-output>
          </reporter-output>
        </test-method> <!-- runLogin -->
        <test-method is-config="true" signature="tearDown()[pri:0, instance:PageTests.TC001LoginData@7ce026d3]" started-at="2024-12-16T17:38:52 IST" name="tearDown" finished-at="2024-12-16T17:38:52 IST" duration-ms="1" status="PASS">
          <reporter-output>
          </reporter-output>
        </test-method> <!-- tearDown -->
      </class> <!-- PageTests.TC001LoginData -->
    </test> <!-- Test_edge -->
    <test started-at="2024-12-16T17:37:44 IST" name="Test_Chrome" finished-at="2024-12-16T17:38:57 IST" duration-ms="73675">
      <class name="PageTests.TC001LoginData">
        <test-method is-config="true" signature="LoginSetUp(java.lang.String,java.lang.String)[pri:0, instance:PageTests.TC001LoginData@6bbe85a8]" started-at="2024-12-16T17:37:45 IST" name="LoginSetUp" finished-at="2024-12-16T17:38:20 IST" duration-ms="35341" status="PASS">
          <params>
            <param index="0">
              <value>
                <![CDATA[windows]]>
              </value>
            </param>
            <param index="1">
              <value>
                <![CDATA[chrome]]>
              </value>
            </param>
          </params>
          <reporter-output>
          </reporter-output>
        </test-method> <!-- LoginSetUp -->
        <test-method signature="runLogin(java.lang.String,java.lang.String,java.lang.String)[pri:0, instance:PageTests.TC001LoginData@6bbe85a8]" started-at="2024-12-16T17:38:24 IST" name="runLogin" data-provider="Login" finished-at="2024-12-16T17:38:30 IST" duration-ms="6697" status="PASS">
          <params>
            <param index="0">
              <value>
                <![CDATA[abc123@gmail.com]]>
              </value>
            </param>
            <param index="1">
              <value>
                <![CDATA[test@123]]>
              </value>
            </param>
            <param index="2">
              <value>
                <![CDATA[Valid]]>
              </value>
            </param>
          </params>
          <reporter-output>
          </reporter-output>
        </test-method> <!-- runLogin -->
        <test-method signature="runLogin(java.lang.String,java.lang.String,java.lang.String)[pri:0, instance:PageTests.TC001LoginData@6bbe85a8]" started-at="2024-12-16T17:38:30 IST" name="runLogin" data-provider="Login" finished-at="2024-12-16T17:38:36 IST" duration-ms="5924" status="PASS">
          <params>
            <param index="0">
              <value>
                <![CDATA[lakshmi@yahoo.com]]>
              </value>
            </param>
            <param index="1">
              <value>
                <![CDATA[Laxmi]]>
              </value>
            </param>
            <param index="2">
              <value>
                <![CDATA[Valid]]>
              </value>
            </param>
          </params>
          <reporter-output>
          </reporter-output>
        </test-method> <!-- runLogin -->
        <test-method signature="runLogin(java.lang.String,java.lang.String,java.lang.String)[pri:0, instance:PageTests.TC001LoginData@6bbe85a8]" started-at="2024-12-16T17:38:36 IST" name="runLogin" data-provider="Login" finished-at="2024-12-16T17:38:41 IST" duration-ms="4805" status="PASS">
          <params>
            <param index="0">
              <value>
                <![CDATA[laksh@yahoo.com]]>
              </value>
            </param>
            <param index="1">
              <value>
                <![CDATA[Lakshmi]]>
              </value>
            </param>
            <param index="2">
              <value>
                <![CDATA[Valid]]>
              </value>
            </param>
          </params>
          <reporter-output>
          </reporter-output>
        </test-method> <!-- runLogin -->
        <test-method signature="runLogin(java.lang.String,java.lang.String,java.lang.String)[pri:0, instance:PageTests.TC001LoginData@6bbe85a8]" started-at="2024-12-16T17:38:41 IST" name="runLogin" data-provider="Login" finished-at="2024-12-16T17:38:44 IST" duration-ms="3247" status="PASS">
          <params>
            <param index="0">
              <value>
                <![CDATA[laks@yahoo.com]]>
              </value>
            </param>
            <param index="1">
              <value>
                <![CDATA[xyz]]>
              </value>
            </param>
            <param index="2">
              <value>
                <![CDATA[Invalid]]>
              </value>
            </param>
          </params>
          <reporter-output>
          </reporter-output>
        </test-method> <!-- runLogin -->
        <test-method signature="runLogin(java.lang.String,java.lang.String,java.lang.String)[pri:0, instance:PageTests.TC001LoginData@6bbe85a8]" started-at="2024-12-16T17:38:44 IST" name="runLogin" data-provider="Login" finished-at="2024-12-16T17:38:57 IST" duration-ms="12970" status="PASS">
          <params>
            <param index="0">
              <value>
                <![CDATA[abc123@gmail.com]]>
              </value>
            </param>
            <param index="1">
              <value>
                <![CDATA[test@123]]>
              </value>
            </param>
            <param index="2">
              <value>
                <![CDATA[Valid]]>
              </value>
            </param>
          </params>
          <reporter-output>
          </reporter-output>
        </test-method> <!-- runLogin -->
        <test-method is-config="true" signature="tearDown()[pri:0, instance:PageTests.TC001LoginData@6bbe85a8]" started-at="2024-12-16T17:38:57 IST" name="tearDown" finished-at="2024-12-16T17:38:57 IST" duration-ms="1" status="PASS">
          <reporter-output>
          </reporter-output>
        </test-method> <!-- tearDown -->
      </class> <!-- PageTests.TC001LoginData -->
    </test> <!-- Test_Chrome -->
  </suite> <!-- Suite -->
</testng-results>
