<?xml version="1.0" encoding="UTF-8"?>
<testsuite xmlns:xsi="http://www.w3.org/2001/XMLSchema-instance" xsi:noNamespaceSchemaLocation="https://maven.apache.org/surefire/maven-surefire-plugin/xsd/surefire-test-report-3.0.xsd" version="3.0" name="TestSuite" time="77.098" tests="10" errors="0" skipped="0" failures="0">
  <properties>
[...]
</properties>
  <testcase name="runLogin[abc123@gmail.com, test@123, Valid](1)" classname="PageTests.TC001LoginData" time="6.724">
    <system-out><![CDATA[url https://tutorialsninja.com/demo/index.php
YES
chrome
url https://tutorialsninja.com/demo/index.php
YES
edge
HICCtrue
HICCtrue
]]></system-out>
    <system-err><![CDATA[SLF4J: Failed to load class "org.slf4j.impl.StaticLoggerBinder".
SLF4J: Defaulting to no-operation (NOP) logger implementation
SLF4J: See http://www.slf4j.org/codes.html#StaticLoggerBinder for further details.
Dec 16, 2024 5:37:54 PM org.openqa.selenium.devtools.CdpVersionFinder findNearestMatch
WARNING: Unable to find CDP implementation matching 129
Dec 16, 2024 5:37:54 PM org.openqa.selenium.chromium.ChromiumDriver lambda$new$5
WARNING: Unable to find version of CDP to use for 129.0.6668.90. You may need to include a dependency on a specific version of the CDP using something similar to `org.seleniumhq.selenium:selenium-devtools-v86:4.18.1` where the version ("v86") matches the version of the chromium-based browser you're using and the version number of the artifact is the same as Selenium's.
Dec 16, 2024 5:37:56 PM org.openqa.selenium.devtools.CdpVersionFinder findNearestMatch
WARNING: Unable to find CDP implementation matching 129
Dec 16, 2024 5:37:56 PM org.openqa.selenium.chromium.ChromiumDriver lambda$new$5
WARNING: Unable to find version of CDP to use for 129.0.6668.90. You may need to include a dependency on a specific version of the CDP using something similar to `org.seleniumhq.selenium:selenium-devtools-v86:4.18.1` where the version ("v86") matches the version of the chromium-based browser you're using and the version number of the artifact is the same as Selenium's.
Dec 16, 2024 5:38:03 PM org.openqa.selenium.devtools.CdpVersionFinder findNearestMatch
WARNING: Unable to find CDP implementation matching 129
Dec 16, 2024 5:38:03 PM org.openqa.selenium.chromium.ChromiumDriver lambda$new$5
WARNING: Unable to find version of CDP to use for 129.0.6668.90. You may need to include a dependency on a specific version of the CDP using something similar to `org.seleniumhq.selenium:selenium-devtools-v86:4.18.1` where the version ("v86") matches the version of the chromium-based browser you're using and the version number of the artifact is the same as Selenium's.
Dec 16, 2024 5:38:11 PM org.openqa.selenium.devtools.CdpVersionFinder findNearestMatch
WARNING: Unable to find CDP implementation matching 130
Dec 16, 2024 5:38:11 PM org.openqa.selenium.chromium.ChromiumDriver lambda$new$5
WARNING: Unable to find version of CDP to use for 130.0.2849.80. You may need to include a dependency on a specific version of the CDP using something similar to `org.seleniumhq.selenium:selenium-devtools-v86:4.18.1` where the version ("v86") matches the version of the chromium-based browser you're using and the version number of the artifact is the same as Selenium's.
]]></system-err>
  </testcase>
  <testcase name="runLogin[abc123@gmail.com, test@123, Valid](1)" classname="PageTests.TC001LoginData" time="6.734"/>
  <testcase name="runLogin[lakshmi@yahoo.com, Laxmi, Valid](2)" classname="PageTests.TC001LoginData" time="5.197">
    <system-out><![CDATA[HICCtrue
HICCtrue
]]></system-out>
  </testcase>
  <testcase name="runLogin[lakshmi@yahoo.com, Laxmi, Valid](2)" classname="PageTests.TC001LoginData" time="0.712"/>
  <testcase name="runLogin[laksh@yahoo.com, Lakshmi, Valid](3)" classname="PageTests.TC001LoginData" time="4.3">
    <system-out><![CDATA[HICCtrue
HICCtrue
]]></system-out>
  </testcase>
  <testcase name="runLogin[laksh@yahoo.com, Lakshmi, Valid](3)" classname="PageTests.TC001LoginData" time="0.501"/>
  <testcase name="runLogin[laks@yahoo.com, xyz, Invalid](4)" classname="PageTests.TC001LoginData" time="1.704">
    <system-out><![CDATA[YESinvalid
YES123
]]></system-out>
  </testcase>
  <testcase name="runLogin[laks@yahoo.com, xyz, Invalid](4)" classname="PageTests.TC001LoginData" time="2.014">
    <system-out><![CDATA[YESinvalid
YES123
]]></system-out>
  </testcase>
  <testcase name="runLogin[abc123@gmail.com, test@123, Valid](5)" classname="PageTests.TC001LoginData" time="7.003">
    <system-out><![CDATA[HICCtrue
HICCtrue
]]></system-out>
  </testcase>
  <testcase name="runLogin[abc123@gmail.com, test@123, Valid](5)" classname="PageTests.TC001LoginData" time="12.495"/>
</testsuite>